<?xml version="1.0" encoding="UTF-8"?>
<testng-results skipped="0" failed="0" total="1" passed="1">
  <reporter-output>
  </reporter-output>
  <suite name="Default suite" duration-ms="80996" started-at="2019-11-27T06:17:46Z" finished-at="2019-11-27T06:19:07Z">
    <groups>
    </groups>
    <test name="Default test" duration-ms="80996" started-at="2019-11-27T06:17:46Z" finished-at="2019-11-27T06:19:07Z">
      <class name="HotelBookingTest">
        <test-method status="PASS" signature="shouldBeAbleToSearchForHotels()[pri:0, instance:HotelBookingTest@505fc5a4]" name="shouldBeAbleToSearchForHotels" duration-ms="80972" started-at="2019-11-27T11:47:46Z" finished-at="2019-11-27T11:49:07Z">
          <reporter-output>
          </reporter-output>
        </test-method> <!-- shouldBeAbleToSearchForHotels -->
      </class> <!-- HotelBookingTest -->
    </test> <!-- Default test -->
  </suite> <!-- Default suite -->
</testng-results>
